# JRE version: Java(TM) SE Runtime Environment (8.0_25-b18) (build 1.8.0_25-b18)
# Java VM: Java HotSpot(TM) 64-Bit Server VM (25.25-b02 mixed mode windows-amd64 compressed oops)
Heap:
 PSYoungGen      total 36864K, used 3322K [0x00000000d6f80000, 0x00000000d9880000, 0x0000000100000000)
  eden space 31744K, 0% used [0x00000000d6f80000,0x00000000d6f80000,0x00000000d8e80000)
  from space 5120K, 64% used [0x00000000d9380000,0x00000000d96be878,0x00000000d9880000)
  to   space 5120K, 0% used [0x00000000d8e80000,0x00000000d8e80000,0x00000000d9380000)
 ParOldGen       total 63488K, used 3678K [0x0000000084e00000, 0x0000000088c00000, 0x00000000d6f80000)
  object space 63488K, 5% used [0x0000000084e00000,0x0000000085197910,0x0000000088c00000)
 Metaspace       used 17413K, capacity 17560K, committed 17664K, reserved 1071104K
  class space    used 2190K, capacity 2224K, committed 2304K, reserved 1048576K
GC Heap History (4 events):
Event: 0.922 GC heap before
{Heap before GC invocations=1 (full 0):
 PSYoungGen      total 36864K, used 13638K [0x00000000d6f80000, 0x00000000d9880000, 0x0000000100000000)
  eden space 31744K, 42% used [0x00000000d6f80000,0x00000000d7cd1a18,0x00000000d8e80000)
  from space 5120K, 0% used [0x00000000d9380000,0x00000000d9380000,0x00000000d9880000)
  to   space 5120K, 0% used [0x00000000d8e80000,0x00000000d8e80000,0x00000000d9380000)
 ParOldGen       total 84992K, used 0K [0x0000000084e00000, 0x000000008a100000, 0x00000000d6f80000)
  object space 84992K, 0% used [0x0000000084e00000,0x0000000084e00000,0x000000008a100000)
 Metaspace       used 12368K, capacity 12446K, committed 12544K, reserved 1064960K
  class space    used 1436K, capacity 1467K, committed 1536K, reserved 1048576K
Event: 0.928 GC heap after
Heap after GC invocations=1 (full 0):
 PSYoungGen      total 36864K, used 3826K [0x00000000d6f80000, 0x00000000d9880000, 0x0000000100000000)
  eden space 31744K, 0% used [0x00000000d6f80000,0x00000000d6f80000,0x00000000d8e80000)
  from space 5120K, 74% used [0x00000000d8e80000,0x00000000d923ca48,0x00000000d9380000)
  to   space 5120K, 0% used [0x00000000d9380000,0x00000000d9380000,0x00000000d9880000)
 ParOldGen       total 84992K, used 8K [0x0000000084e00000, 0x000000008a100000, 0x00000000d6f80000)
  object space 84992K, 0% used [0x0000000084e00000,0x0000000084e02000,0x000000008a100000)
 Metaspace       used 12368K, capacity 12446K, committed 12544K, reserved 1064960K
  class space    used 1436K, capacity 1467K, committed 1536K, reserved 1048576K
}
Event: 0.928 GC heap before
{Heap before GC invocations=2 (full 1):
 PSYoungGen      total 36864K, used 3826K [0x00000000d6f80000, 0x00000000d9880000, 0x0000000100000000)
  eden space 31744K, 0% used [0x00000000d6f80000,0x00000000d6f80000,0x00000000d8e80000)
  from space 5120K, 74% used [0x00000000d8e80000,0x00000000d923ca48,0x00000000d9380000)
  to   space 5120K, 0% used [0x00000000d9380000,0x00000000d9380000,0x00000000d9880000)
 ParOldGen       total 84992K, used 8K [0x0000000084e00000, 0x000000008a100000, 0x00000000d6f80000)
  object space 84992K, 0% used [0x0000000084e00000,0x0000000084e02000,0x000000008a100000)
 Metaspace       used 12368K, capacity 12446K, committed 12544K, reserved 1064960K
  class space    used 1436K, capacity 1467K, committed 1536K, reserved 1048576K
Event: 0.964 GC heap after
Heap after GC invocations=2 (full 1):
 PSYoungGen      total 36864K, used 0K [0x00000000d6f80000, 0x00000000d9880000, 0x0000000100000000)
  eden space 31744K, 0% used [0x00000000d6f80000,0x00000000d6f80000,0x00000000d8e80000)
  from space 5120K, 0% used [0x00000000d8e80000,0x00000000d8e80000,0x00000000d9380000)
  to   space 5120K, 0% used [0x00000000d9380000,0x00000000d9380000,0x00000000d9880000)
 ParOldGen       total 63488K, used 3670K [0x0000000084e00000, 0x0000000088c00000, 0x00000000d6f80000)
  object space 63488K, 5% used [0x0000000084e00000,0x0000000085195910,0x0000000088c00000)
 Metaspace       used 12367K, capacity 12444K, committed 12544K, reserved 1062912K
  class space    used 1436K, capacity 1466K, committed 1536K, reserved 1048576K
}

